=========================
[debug] Login CAS Success...
[debug] Form Loaded...
[debug] Checkbox Checked...
[debug] Form Submitted...
[debug] 平安行动:填报健康信息(已完成)
[info] Checkin Success!
[info] End at 2021-02-01 16:43:51 +0800.
=========================
[info] Log Sent at 2021-02-01 16:43:55 Monday
=========================

=========================
[debug] Login CAS Success...
[debug] Form Loaded...
[debug] Checkbox Checked...
[debug] Form Submitted...
[debug] 平安行动:填报健康信息(已完成)
[info] Checkin Success!
[info] End at 2021-02-02 07:49:20 +0800.
=========================
[info] Log Sent at 2021-02-02 07:49:23 Tuesday
=========================

=========================
[debug] Login CAS Success...
[debug] Form Loaded...
[debug] Checkbox Checked...
[debug] Form Submitted...
[debug] 平安行动:填报健康信息(已完成)
[info] Checkin Success!
[info] End at 2021-02-02 09:31:23 +0800.
=========================
[info] Log Sent at 2021-02-02 09:31:25 Tuesday
=========================

=========================
[debug] Login CAS Success...
[debug] Form Loaded...
[debug] Checkbox Checked...
[debug] Form Submitted...
[debug] 平安行动:填报健康信息(已完成)
[info] Checkin Success!
[info] End at 2021-02-03 07:42:42 +0800.
=========================
[info] Log Sent at 2021-02-03 07:42:45 Wednesday
=========================

=========================
[debug] Login CAS Success...
[debug] Form Loaded...
[debug] Checkbox Checked...
[debug] Form Submitted...
[debug] 平安行动:填报健康信息(已完成)
[info] Checkin Success!
[info] End at 2021-02-03 09:23:25 +0800.
=========================
[info] Log Sent at 2021-02-03 09:23:29 Wednesday
=========================

=========================
[debug] Login CAS Success...
[debug] Form Loaded...
[debug] Checkbox Checked...
[debug] Form Submitted...
[debug] 平安行动:填报健康信息(已完成)
[info] Checkin Success!
[info] End at 2021-02-04 07:40:43 +0800.
=========================
[info] Log Sent at 2021-02-04 07:40:45 Thursday
=========================

